<?xml version="1.0" encoding="UTF-8"?>
<testsuite xmlns:xsi="http://www.w3.org/2001/XMLSchema-instance" xsi:noNamespaceSchemaLocation="https://maven.apache.org/surefire/maven-surefire-plugin/xsd/surefire-test-report-3.0.xsd" version="3.0" name="my.project.TicTacToe.TestComputerGamer" time="0.121" tests="4" errors="0" skipped="0" failures="0">
  <properties>
[...]
</properties>
  <testcase name="shouldCreateFields" classname="my.project.TicTacToe.TestComputerGamer" time="0.045"/>
  <testcase name="checkAllRightCourses" classname="my.project.TicTacToe.TestComputerGamer" time="0.004"/>
  <testcase name="checkAllWrongCourses" classname="my.project.TicTacToe.TestComputerGamer" time="0.001"/>
  <testcase name="checkWinner" classname="my.project.TicTacToe.TestComputerGamer" time="0.003"/>
</testsuite>